# JRE version: Java(TM) SE Runtime Environment (19.0+36) (build 19+36-2238)
# Java VM: Java HotSpot(TM) 64-Bit Server VM (19+36-2238, mixed mode, sharing, tiered, compressed oops, compressed class ptrs, g1 gc, windows-amd64)
GC Precious Log:
 CardTable entry size: 512
 Card Set container configuration: InlinePtr #cards 5 size 8 Array Of Cards #cards 12 size 40 Howl #buckets 4 coarsen threshold 1843 Howl Bitmap #cards 512 size 80 coarsen threshold 460 Card regions per heap region 1 cards per card region 2048
 CPUs: 4 total, 4 available
 Memory: 8072M
 Large Page Support: Disabled
 NUMA Support: Disabled
 Compressed Oops: Enabled (32-bit)
 Heap Region Size: 1M
 Heap Min Capacity: 8M
 Heap Initial Capacity: 128M
 Heap Max Capacity: 2020M
 Pre-touch: Disabled
 Parallel Workers: 4
 Concurrent Workers: 1
 Concurrent Refinement Workers: 4
 Periodic GC: Disabled
Heap:
 garbage-first heap   total 65536K, used 21228K [0x0000000081c00000, 0x0000000100000000)
  region size 1024K, 3 young (3072K), 2 survivors (2048K)
 Metaspace       used 52513K, committed 53056K, reserved 1114112K
  class space    used 6909K, committed 7168K, reserved 1048576K
GC Heap History (20 events):
Event: 0.869 GC heap before
{Heap before GC invocations=0 (full 0):
 garbage-first heap   total 131072K, used 13312K [0x0000000081c00000, 0x0000000100000000)
  region size 1024K, 13 young (13312K), 0 survivors (0K)
 Metaspace       used 3714K, committed 3840K, reserved 1114112K
  class space    used 379K, committed 448K, reserved 1048576K
}
Event: 0.878 GC heap after
{Heap after GC invocations=1 (full 0):
 garbage-first heap   total 131072K, used 5929K [0x0000000081c00000, 0x0000000100000000)
  region size 1024K, 2 young (2048K), 2 survivors (2048K)
 Metaspace       used 3714K, committed 3840K, reserved 1114112K
  class space    used 379K, committed 448K, reserved 1048576K
}
Event: 1.559 GC heap before
{Heap before GC invocations=1 (full 0):
 garbage-first heap   total 131072K, used 19241K [0x0000000081c00000, 0x0000000100000000)
  region size 1024K, 15 young (15360K), 2 survivors (2048K)
 Metaspace       used 7407K, committed 7680K, reserved 1114112K
  class space    used 850K, committed 960K, reserved 1048576K
}
Event: 1.566 GC heap after
{Heap after GC invocations=2 (full 0):
 garbage-first heap   total 131072K, used 7492K [0x0000000081c00000, 0x0000000100000000)
  region size 1024K, 2 young (2048K), 2 survivors (2048K)
 Metaspace       used 7407K, committed 7680K, reserved 1114112K
  class space    used 850K, committed 960K, reserved 1048576K
}
Event: 2.363 GC heap before
{Heap before GC invocations=2 (full 0):
 garbage-first heap   total 131072K, used 35140K [0x0000000081c00000, 0x0000000100000000)
  region size 1024K, 30 young (30720K), 2 survivors (2048K)
 Metaspace       used 15291K, committed 15552K, reserved 1114112K
  class space    used 1788K, committed 1920K, reserved 1048576K
}
Event: 2.369 GC heap after
{Heap after GC invocations=3 (full 0):
 garbage-first heap   total 131072K, used 9460K [0x0000000081c00000, 0x0000000100000000)
  region size 1024K, 4 young (4096K), 4 survivors (4096K)
 Metaspace       used 15291K, committed 15552K, reserved 1114112K
  class space    used 1788K, committed 1920K, reserved 1048576K
}
Event: 4.303 GC heap before
{Heap before GC invocations=3 (full 0):
 garbage-first heap   total 131072K, used 45300K [0x0000000081c00000, 0x0000000100000000)
  region size 1024K, 40 young (40960K), 4 survivors (4096K)
 Metaspace       used 21170K, committed 21504K, reserved 1114112K
  class space    used 2517K, committed 2688K, reserved 1048576K
}
Event: 4.317 GC heap after
{Heap after GC invocations=4 (full 0):
 garbage-first heap   total 131072K, used 12661K [0x0000000081c00000, 0x0000000100000000)
  region size 1024K, 7 young (7168K), 7 survivors (7168K)
 Metaspace       used 21170K, committed 21504K, reserved 1114112K
  class space    used 2517K, committed 2688K, reserved 1048576K
}
Event: 5.781 GC heap before
{Heap before GC invocations=5 (full 0):
 garbage-first heap   total 48128K, used 34165K [0x0000000081c00000, 0x0000000100000000)
  region size 1024K, 28 young (28672K), 7 survivors (7168K)
 Metaspace       used 26207K, committed 26688K, reserved 1114112K
  class space    used 3176K, committed 3392K, reserved 1048576K
}
Event: 5.805 GC heap after
{Heap after GC invocations=6 (full 0):
 garbage-first heap   total 48128K, used 15083K [0x0000000081c00000, 0x0000000100000000)
  region size 1024K, 3 young (3072K), 3 survivors (3072K)
 Metaspace       used 26207K, committed 26688K, reserved 1114112K
  class space    used 3176K, committed 3392K, reserved 1048576K
}
Event: 5.839 GC heap before
{Heap before GC invocations=6 (full 0):
 garbage-first heap   total 48128K, used 16107K [0x0000000081c00000, 0x0000000100000000)
  region size 1024K, 4 young (4096K), 3 survivors (3072K)
 Metaspace       used 26497K, committed 26880K, reserved 1114112K
  class space    used 3214K, committed 3392K, reserved 1048576K
}
Event: 5.848 GC heap after
{Heap after GC invocations=7 (full 0):
 garbage-first heap   total 48128K, used 15853K [0x0000000081c00000, 0x0000000100000000)
  region size 1024K, 1 young (1024K), 1 survivors (1024K)
 Metaspace       used 26497K, committed 26880K, reserved 1114112K
  class space    used 3214K, committed 3392K, reserved 1048576K
}
Event: 7.021 GC heap before
{Heap before GC invocations=7 (full 0):
 garbage-first heap   total 48128K, used 32237K [0x0000000081c00000, 0x0000000100000000)
  region size 1024K, 18 young (18432K), 1 survivors (1024K)
 Metaspace       used 30672K, committed 31168K, reserved 1114112K
  class space    used 3745K, committed 3968K, reserved 1048576K
}
Event: 7.026 GC heap after
{Heap after GC invocations=8 (full 0):
 garbage-first heap   total 81920K, used 16931K [0x0000000081c00000, 0x0000000100000000)
  region size 1024K, 2 young (2048K), 2 survivors (2048K)
 Metaspace       used 30672K, committed 31168K, reserved 1114112K
  class space    used 3745K, committed 3968K, reserved 1048576K
}
Event: 8.105 GC heap before
{Heap before GC invocations=8 (full 0):
 garbage-first heap   total 81920K, used 32291K [0x0000000081c00000, 0x0000000100000000)
  region size 1024K, 19 young (19456K), 2 survivors (2048K)
 Metaspace       used 35482K, committed 35968K, reserved 1114112K
  class space    used 4370K, committed 4608K, reserved 1048576K
}
Event: 8.110 GC heap after
{Heap after GC invocations=9 (full 0):
 garbage-first heap   total 81920K, used 18033K [0x0000000081c00000, 0x0000000100000000)
  region size 1024K, 3 young (3072K), 3 survivors (3072K)
 Metaspace       used 35482K, committed 35968K, reserved 1114112K
  class space    used 4370K, committed 4608K, reserved 1048576K
}
Event: 10.185 GC heap before
{Heap before GC invocations=10 (full 0):
 garbage-first heap   total 65536K, used 53873K [0x0000000081c00000, 0x0000000100000000)
  region size 1024K, 38 young (38912K), 3 survivors (3072K)
 Metaspace       used 46603K, committed 47104K, reserved 1114112K
  class space    used 6082K, committed 6336K, reserved 1048576K
}
Event: 10.192 GC heap after
{Heap after GC invocations=11 (full 0):
 garbage-first heap   total 65536K, used 20126K [0x0000000081c00000, 0x0000000100000000)
  region size 1024K, 4 young (4096K), 4 survivors (4096K)
 Metaspace       used 46603K, committed 47104K, reserved 1114112K
  class space    used 6082K, committed 6336K, reserved 1048576K
}
Event: 10.241 GC heap before
{Heap before GC invocations=11 (full 0):
 garbage-first heap   total 65536K, used 21150K [0x0000000081c00000, 0x0000000100000000)
  region size 1024K, 5 young (5120K), 4 survivors (4096K)
 Metaspace       used 46779K, committed 47232K, reserved 1114112K
  class space    used 6110K, committed 6336K, reserved 1048576K
}
Event: 10.246 GC heap after
{Heap after GC invocations=12 (full 0):
 garbage-first heap   total 65536K, used 19809K [0x0000000081c00000, 0x0000000100000000)
  region size 1024K, 1 young (1024K), 1 survivors (1024K)
 Metaspace       used 46779K, committed 47232K, reserved 1114112K
  class space    used 6110K, committed 6336K, reserved 1048576K
}

